# JRE version: Java(TM) SE Runtime Environment (8.0_77-b03) (build 1.8.0_77-b03)
# Java VM: Java HotSpot(TM) 64-Bit Server VM (25.77-b03 mixed mode windows-amd64 compressed oops)
Heap:
 PSYoungGen      total 312832K, used 302799K [0x00000000d5800000, 0x00000000f1000000, 0x0000000100000000)
  eden space 278528K, 96% used [0x00000000d5800000,0x00000000e5e352a0,0x00000000e6800000)
  from space 34304K, 99% used [0x00000000e6800000,0x00000000e897eb60,0x00000000e8980000)
  to   space 42496K, 0% used [0x00000000ee680000,0x00000000ee680000,0x00000000f1000000)
 ParOldGen       total 134656K, used 53332K [0x0000000080800000, 0x0000000088b80000, 0x00000000d5800000)
  object space 134656K, 39% used [0x0000000080800000,0x0000000083c15028,0x0000000088b80000)
 Metaspace       used 40703K, capacity 41666K, committed 41896K, reserved 1085440K
  class space    used 5211K, capacity 5428K, committed 5552K, reserved 1048576K
GC Heap History (10 events):
Event: 2.492 GC heap before
{Heap before GC invocations=9 (full 1):
 PSYoungGen      total 141312K, used 126374K [0x00000000d5800000, 0x00000000e4d00000, 0x0000000100000000)
  eden space 113664K, 99% used [0x00000000d5800000,0x00000000dc6f9958,0x00000000dc700000)
  from space 27648K, 46% used [0x00000000dc700000,0x00000000dd36feb0,0x00000000de200000)
  to   space 27648K, 0% used [0x00000000e3200000,0x00000000e3200000,0x00000000e4d00000)
 ParOldGen       total 102912K, used 30081K [0x0000000080800000, 0x0000000086c80000, 0x00000000d5800000)
  object space 102912K, 29% used [0x0000000080800000,0x0000000082560670,0x0000000086c80000)
 Metaspace       used 26620K, capacity 27484K, committed 27696K, reserved 1073152K
  class space    used 3559K, capacity 3805K, committed 3888K, reserved 1048576K
Event: 2.501 GC heap after
Heap after GC invocations=9 (full 1):
 PSYoungGen      total 218624K, used 24348K [0x00000000d5800000, 0x00000000e5a80000, 0x0000000100000000)
  eden space 190976K, 0% used [0x00000000d5800000,0x00000000d5800000,0x00000000e1280000)
  from space 27648K, 88% used [0x00000000e3200000,0x00000000e49c70a8,0x00000000e4d00000)
  to   space 32256K, 0% used [0x00000000e1280000,0x00000000e1280000,0x00000000e3200000)
 ParOldGen       total 102912K, used 30089K [0x0000000080800000, 0x0000000086c80000, 0x00000000d5800000)
  object space 102912K, 29% used [0x0000000080800000,0x0000000082562670,0x0000000086c80000)
 Metaspace       used 26620K, capacity 27484K, committed 27696K, reserved 1073152K
  class space    used 3559K, capacity 3805K, committed 3888K, reserved 1048576K
}
Event: 2.624 GC heap before
{Heap before GC invocations=10 (full 1):
 PSYoungGen      total 218624K, used 215232K [0x00000000d5800000, 0x00000000e5a80000, 0x0000000100000000)
  eden space 190976K, 99% used [0x00000000d5800000,0x00000000e12691e0,0x00000000e1280000)
  from space 27648K, 88% used [0x00000000e3200000,0x00000000e49c70a8,0x00000000e4d00000)
  to   space 32256K, 0% used [0x00000000e1280000,0x00000000e1280000,0x00000000e3200000)
 ParOldGen       total 102912K, used 30089K [0x0000000080800000, 0x0000000086c80000, 0x00000000d5800000)
  object space 102912K, 29% used [0x0000000080800000,0x0000000082562670,0x0000000086c80000)
 Metaspace       used 28149K, capacity 28988K, committed 29232K, reserved 1075200K
  class space    used 3800K, capacity 4029K, committed 4144K, reserved 1048576K
Event: 2.635 GC heap after
Heap after GC invocations=10 (full 1):
 PSYoungGen      total 223232K, used 23950K [0x00000000d5800000, 0x00000000eb100000, 0x0000000100000000)
  eden space 190976K, 0% used [0x00000000d5800000,0x00000000d5800000,0x00000000e1280000)
  from space 32256K, 74% used [0x00000000e1280000,0x00000000e29e3a90,0x00000000e3200000)
  to   space 35328K, 0% used [0x00000000e8e80000,0x00000000e8e80000,0x00000000eb100000)
 ParOldGen       total 102912K, used 31547K [0x0000000080800000, 0x0000000086c80000, 0x00000000d5800000)
  object space 102912K, 30% used [0x0000000080800000,0x00000000826cee90,0x0000000086c80000)
 Metaspace       used 28149K, capacity 28988K, committed 29232K, reserved 1075200K
  class space    used 3800K, capacity 4029K, committed 4144K, reserved 1048576K
}
Event: 3.323 GC heap before
{Heap before GC invocations=11 (full 1):
 PSYoungGen      total 223232K, used 99222K [0x00000000d5800000, 0x00000000eb100000, 0x0000000100000000)
  eden space 190976K, 39% used [0x00000000d5800000,0x00000000da181ea0,0x00000000e1280000)
  from space 32256K, 74% used [0x00000000e1280000,0x00000000e29e3a90,0x00000000e3200000)
  to   space 35328K, 0% used [0x00000000e8e80000,0x00000000e8e80000,0x00000000eb100000)
 ParOldGen       total 102912K, used 31547K [0x0000000080800000, 0x0000000086c80000, 0x00000000d5800000)
  object space 102912K, 30% used [0x0000000080800000,0x00000000826cee90,0x0000000086c80000)
 Metaspace       used 34487K, capacity 35298K, committed 35496K, reserved 1079296K
  class space    used 4529K, capacity 4742K, committed 4784K, reserved 1048576K
Event: 3.333 GC heap after
Heap after GC invocations=11 (full 1):
 PSYoungGen      total 307712K, used 5650K [0x00000000d5800000, 0x00000000eab00000, 0x0000000100000000)
  eden space 278528K, 0% used [0x00000000d5800000,0x00000000d5800000,0x00000000e6800000)
  from space 29184K, 19% used [0x00000000e8e80000,0x00000000e9404ad0,0x00000000eab00000)
  to   space 34304K, 0% used [0x00000000e6800000,0x00000000e6800000,0x00000000e8980000)
 ParOldGen       total 102912K, used 45740K [0x0000000080800000, 0x0000000086c80000, 0x00000000d5800000)
  object space 102912K, 44% used [0x0000000080800000,0x00000000834ab3c8,0x0000000086c80000)
 Metaspace       used 34487K, capacity 35298K, committed 35496K, reserved 1079296K
  class space    used 4529K, capacity 4742K, committed 4784K, reserved 1048576K
}
Event: 3.333 GC heap before
{Heap before GC invocations=12 (full 2):
 PSYoungGen      total 307712K, used 5650K [0x00000000d5800000, 0x00000000eab00000, 0x0000000100000000)
  eden space 278528K, 0% used [0x00000000d5800000,0x00000000d5800000,0x00000000e6800000)
  from space 29184K, 19% used [0x00000000e8e80000,0x00000000e9404ad0,0x00000000eab00000)
  to   space 34304K, 0% used [0x00000000e6800000,0x00000000e6800000,0x00000000e8980000)
 ParOldGen       total 102912K, used 45740K [0x0000000080800000, 0x0000000086c80000, 0x00000000d5800000)
  object space 102912K, 44% used [0x0000000080800000,0x00000000834ab3c8,0x0000000086c80000)
 Metaspace       used 34487K, capacity 35298K, committed 35496K, reserved 1079296K
  class space    used 4529K, capacity 4742K, committed 4784K, reserved 1048576K
Event: 3.410 GC heap after
Heap after GC invocations=12 (full 2):
 PSYoungGen      total 307712K, used 0K [0x00000000d5800000, 0x00000000eab00000, 0x0000000100000000)
  eden space 278528K, 0% used [0x00000000d5800000,0x00000000d5800000,0x00000000e6800000)
  from space 29184K, 0% used [0x00000000e8e80000,0x00000000e8e80000,0x00000000eab00000)
  to   space 34304K, 0% used [0x00000000e6800000,0x00000000e6800000,0x00000000e8980000)
 ParOldGen       total 134656K, used 48254K [0x0000000080800000, 0x0000000088b80000, 0x00000000d5800000)
  object space 134656K, 35% used [0x0000000080800000,0x000000008371fb78,0x0000000088b80000)
 Metaspace       used 34486K, capacity 35292K, committed 35496K, reserved 1079296K
  class space    used 4529K, capacity 4741K, committed 4784K, reserved 1048576K
}
Event: 4.825 GC heap before
{Heap before GC invocations=13 (full 2):
 PSYoungGen      total 307712K, used 278528K [0x00000000d5800000, 0x00000000eab00000, 0x0000000100000000)
  eden space 278528K, 100% used [0x00000000d5800000,0x00000000e6800000,0x00000000e6800000)
  from space 29184K, 0% used [0x00000000e8e80000,0x00000000e8e80000,0x00000000eab00000)
  to   space 34304K, 0% used [0x00000000e6800000,0x00000000e6800000,0x00000000e8980000)
 ParOldGen       total 134656K, used 48254K [0x0000000080800000, 0x0000000088b80000, 0x00000000d5800000)
  object space 134656K, 35% used [0x0000000080800000,0x000000008371fb78,0x0000000088b80000)
 Metaspace       used 39126K, capacity 39978K, committed 40360K, reserved 1085440K
  class space    used 5062K, capacity 5266K, committed 5296K, reserved 1048576K
Event: 4.839 GC heap after
Heap after GC invocations=13 (full 2):
 PSYoungGen      total 312832K, used 34298K [0x00000000d5800000, 0x00000000f1000000, 0x0000000100000000)
  eden space 278528K, 0% used [0x00000000d5800000,0x00000000d5800000,0x00000000e6800000)
  from space 34304K, 99% used [0x00000000e6800000,0x00000000e897eb60,0x00000000e8980000)
  to   space 42496K, 0% used [0x00000000ee680000,0x00000000ee680000,0x00000000f1000000)
 ParOldGen       total 134656K, used 53332K [0x0000000080800000, 0x0000000088b80000, 0x00000000d5800000)
  object space 134656K, 39% used [0x0000000080800000,0x0000000083c15028,0x0000000088b80000)
 Metaspace       used 39126K, capacity 39978K, committed 40360K, reserved 1085440K
  class space    used 5062K, capacity 5266K, committed 5296K, reserved 1048576K
}

