# JRE version: Java(TM) SE Runtime Environment (8.0_77-b03) (build 1.8.0_77-b03)
# Java VM: Java HotSpot(TM) 64-Bit Server VM (25.77-b03 mixed mode windows-amd64 compressed oops)
Heap:
 PSYoungGen      total 242688K, used 148767K [0x00000000d5800000, 0x00000000eaa00000, 0x0000000100000000)
  eden space 206848K, 54% used [0x00000000d5800000,0x00000000dc64c538,0x00000000e2200000)
  from space 35840K, 99% used [0x00000000e2200000,0x00000000e44fba00,0x00000000e4500000)
  to   space 44032K, 0% used [0x00000000e7f00000,0x00000000e7f00000,0x00000000eaa00000)
 ParOldGen       total 140800K, used 56012K [0x0000000080800000, 0x0000000089180000, 0x00000000d5800000)
  object space 140800K, 39% used [0x0000000080800000,0x0000000083eb31e0,0x0000000089180000)
 Metaspace       used 41088K, capacity 42048K, committed 42368K, reserved 1085440K
  class space    used 5206K, capacity 5423K, committed 5504K, reserved 1048576K
GC Heap History (10 events):
Event: 4.025 GC heap before
{Heap before GC invocations=11 (full 2):
 PSYoungGen      total 159232K, used 134012K [0x00000000d5800000, 0x00000000e0e00000, 0x0000000100000000)
  eden space 132096K, 100% used [0x00000000d5800000,0x00000000dd900000,0x00000000dd900000)
  from space 27136K, 7% used [0x00000000df380000,0x00000000df55f300,0x00000000e0e00000)
  to   space 27136K, 0% used [0x00000000dd900000,0x00000000dd900000,0x00000000df380000)
 ParOldGen       total 140800K, used 38353K [0x0000000080800000, 0x0000000089180000, 0x00000000d5800000)
  object space 140800K, 27% used [0x0000000080800000,0x0000000082d74420,0x0000000089180000)
 Metaspace       used 35358K, capacity 36194K, committed 36352K, reserved 1081344K
  class space    used 4640K, capacity 4856K, committed 4864K, reserved 1048576K
Event: 4.035 GC heap after
Heap after GC invocations=11 (full 2):
 PSYoungGen      total 159232K, used 8981K [0x00000000d5800000, 0x00000000e2c80000, 0x0000000100000000)
  eden space 132096K, 0% used [0x00000000d5800000,0x00000000d5800000,0x00000000dd900000)
  from space 27136K, 33% used [0x00000000dd900000,0x00000000de1c54d0,0x00000000df380000)
  to   space 25088K, 0% used [0x00000000e1400000,0x00000000e1400000,0x00000000e2c80000)
 ParOldGen       total 140800K, used 38361K [0x0000000080800000, 0x0000000089180000, 0x00000000d5800000)
  object space 140800K, 27% used [0x0000000080800000,0x0000000082d76420,0x0000000089180000)
 Metaspace       used 35358K, capacity 36194K, committed 36352K, reserved 1081344K
  class space    used 4640K, capacity 4856K, committed 4864K, reserved 1048576K
}
Event: 4.126 GC heap before
{Heap before GC invocations=12 (full 2):
 PSYoungGen      total 159232K, used 141077K [0x00000000d5800000, 0x00000000e2c80000, 0x0000000100000000)
  eden space 132096K, 100% used [0x00000000d5800000,0x00000000dd900000,0x00000000dd900000)
  from space 27136K, 33% used [0x00000000dd900000,0x00000000de1c54d0,0x00000000df380000)
  to   space 25088K, 0% used [0x00000000e1400000,0x00000000e1400000,0x00000000e2c80000)
 ParOldGen       total 140800K, used 38361K [0x0000000080800000, 0x0000000089180000, 0x00000000d5800000)
  object space 140800K, 27% used [0x0000000080800000,0x0000000082d76420,0x0000000089180000)
 Metaspace       used 36190K, capacity 37002K, committed 37248K, reserved 1081344K
  class space    used 4744K, capacity 4954K, committed 4992K, reserved 1048576K
Event: 4.133 GC heap after
Heap after GC invocations=12 (full 2):
 PSYoungGen      total 190976K, used 16791K [0x00000000d5800000, 0x00000000e3580000, 0x0000000100000000)
  eden space 165888K, 0% used [0x00000000d5800000,0x00000000d5800000,0x00000000dfa00000)
  from space 25088K, 66% used [0x00000000e1400000,0x00000000e2465e88,0x00000000e2c80000)
  to   space 26624K, 0% used [0x00000000dfa00000,0x00000000dfa00000,0x00000000e1400000)
 ParOldGen       total 140800K, used 38369K [0x0000000080800000, 0x0000000089180000, 0x00000000d5800000)
  object space 140800K, 27% used [0x0000000080800000,0x0000000082d78420,0x0000000089180000)
 Metaspace       used 36190K, capacity 37002K, committed 37248K, reserved 1081344K
  class space    used 4744K, capacity 4954K, committed 4992K, reserved 1048576K
}
Event: 4.575 GC heap before
{Heap before GC invocations=13 (full 2):
 PSYoungGen      total 190976K, used 182679K [0x00000000d5800000, 0x00000000e3580000, 0x0000000100000000)
  eden space 165888K, 100% used [0x00000000d5800000,0x00000000dfa00000,0x00000000dfa00000)
  from space 25088K, 66% used [0x00000000e1400000,0x00000000e2465e88,0x00000000e2c80000)
  to   space 26624K, 0% used [0x00000000dfa00000,0x00000000dfa00000,0x00000000e1400000)
 ParOldGen       total 140800K, used 38369K [0x0000000080800000, 0x0000000089180000, 0x00000000d5800000)
  object space 140800K, 27% used [0x0000000080800000,0x0000000082d78420,0x0000000089180000)
 Metaspace       used 36460K, capacity 37262K, committed 37504K, reserved 1081344K
  class space    used 4783K, capacity 4992K, committed 4992K, reserved 1048576K
Event: 4.587 GC heap after
Heap after GC invocations=13 (full 2):
 PSYoungGen      total 192512K, used 13114K [0x00000000d5800000, 0x00000000e5f00000, 0x0000000100000000)
  eden space 165888K, 0% used [0x00000000d5800000,0x00000000d5800000,0x00000000dfa00000)
  from space 26624K, 49% used [0x00000000dfa00000,0x00000000e06ce808,0x00000000e1400000)
  to   space 26624K, 0% used [0x00000000e4500000,0x00000000e4500000,0x00000000e5f00000)
 ParOldGen       total 140800K, used 38377K [0x0000000080800000, 0x0000000089180000, 0x00000000d5800000)
  object space 140800K, 27% used [0x0000000080800000,0x0000000082d7a420,0x0000000089180000)
 Metaspace       used 36460K, capacity 37262K, committed 37504K, reserved 1081344K
  class space    used 4783K, capacity 4992K, committed 4992K, reserved 1048576K
}
Event: 5.260 GC heap before
{Heap before GC invocations=14 (full 2):
 PSYoungGen      total 192512K, used 179002K [0x00000000d5800000, 0x00000000e5f00000, 0x0000000100000000)
  eden space 165888K, 100% used [0x00000000d5800000,0x00000000dfa00000,0x00000000dfa00000)
  from space 26624K, 49% used [0x00000000dfa00000,0x00000000e06ce808,0x00000000e1400000)
  to   space 26624K, 0% used [0x00000000e4500000,0x00000000e4500000,0x00000000e5f00000)
 ParOldGen       total 140800K, used 38377K [0x0000000080800000, 0x0000000089180000, 0x00000000d5800000)
  object space 140800K, 27% used [0x0000000080800000,0x0000000082d7a420,0x0000000089180000)
 Metaspace       used 36741K, capacity 37620K, committed 37888K, reserved 1081344K
  class space    used 4808K, capacity 5025K, committed 5120K, reserved 1048576K
Event: 5.271 GC heap after
Heap after GC invocations=14 (full 2):
 PSYoungGen      total 233472K, used 26605K [0x00000000d5800000, 0x00000000e6e00000, 0x0000000100000000)
  eden space 206848K, 0% used [0x00000000d5800000,0x00000000d5800000,0x00000000e2200000)
  from space 26624K, 99% used [0x00000000e4500000,0x00000000e5efb408,0x00000000e5f00000)
  to   space 35840K, 0% used [0x00000000e2200000,0x00000000e2200000,0x00000000e4500000)
 ParOldGen       total 140800K, used 51630K [0x0000000080800000, 0x0000000089180000, 0x00000000d5800000)
  object space 140800K, 36% used [0x0000000080800000,0x0000000083a6ba50,0x0000000089180000)
 Metaspace       used 36741K, capacity 37620K, committed 37888K, reserved 1081344K
  class space    used 4808K, capacity 5025K, committed 5120K, reserved 1048576K
}
Event: 9.004 GC heap before
{Heap before GC invocations=15 (full 2):
 PSYoungGen      total 233472K, used 233453K [0x00000000d5800000, 0x00000000e6e00000, 0x0000000100000000)
  eden space 206848K, 100% used [0x00000000d5800000,0x00000000e2200000,0x00000000e2200000)
  from space 26624K, 99% used [0x00000000e4500000,0x00000000e5efb408,0x00000000e5f00000)
  to   space 35840K, 0% used [0x00000000e2200000,0x00000000e2200000,0x00000000e4500000)
 ParOldGen       total 140800K, used 51630K [0x0000000080800000, 0x0000000089180000, 0x00000000d5800000)
  object space 140800K, 36% used [0x0000000080800000,0x0000000083a6ba50,0x0000000089180000)
 Metaspace       used 40851K, capacity 41814K, committed 42112K, reserved 1085440K
  class space    used 5189K, capacity 5418K, committed 5504K, reserved 1048576K
Event: 9.019 GC heap after
Heap after GC invocations=15 (full 2):
 PSYoungGen      total 242688K, used 35822K [0x00000000d5800000, 0x00000000eaa00000, 0x0000000100000000)
  eden space 206848K, 0% used [0x00000000d5800000,0x00000000d5800000,0x00000000e2200000)
  from space 35840K, 99% used [0x00000000e2200000,0x00000000e44fba00,0x00000000e4500000)
  to   space 44032K, 0% used [0x00000000e7f00000,0x00000000e7f00000,0x00000000eaa00000)
 ParOldGen       total 140800K, used 56012K [0x0000000080800000, 0x0000000089180000, 0x00000000d5800000)
  object space 140800K, 39% used [0x0000000080800000,0x0000000083eb31e0,0x0000000089180000)
 Metaspace       used 40851K, capacity 41814K, committed 42112K, reserved 1085440K
  class space    used 5189K, capacity 5418K, committed 5504K, reserved 1048576K
}

